
-----
Test: tests/test_buy_product.py::test_buy_product (call)
Start time: 2024-01-22 17:50:26.667329
Start name method: select_catalogs

End time: 2024-01-22 17:50:40.381551
End name method: select_catalogs
URL: https://afinabags.ru/catalog/

-----

-----
Test: tests/test_buy_product.py::test_buy_product (call)
Start time: 2024-01-22 17:50:40.381551
Start name method: select_products_692

End time: 2024-01-22 17:51:15.143487
End name method: select_products_692
URL: https://afinabags.ru/catalog/sumki_i_ryukzaki/model-692/

-----

-----
Test: tests/test_buy_product.py::test_buy_product (call)
Start time: 2024-01-22 17:51:15.143487
Start name method: cart_and_checkout_products_692

End time: 2024-01-22 17:51:25.005863
End name method: cart_and_checkout_products_692
URL: https://afinabags.ru/order/

-----

-----
Test: tests/test_buy_product.py::test_buy_product (call)
Start time: 2024-01-22 17:51:25.007067
Start name method: cart_and_checkout_products_692

End time: 2024-01-22 17:51:27.015505
End name method: cart_and_checkout_products_692
URL: https://afinabags.ru/order/

-----
